<?xml version="1.0" encoding="UTF-8"?>
<!-- Generated by org.testng.reporters.JUnitReportReporter -->
<testsuite hostname="DESKTOP-P6FPARF" failures="0" tests="1" name="com.salesforce.Leads" time="8.144" errors="0" timestamp="2022-07-03T20:33:40 EDT" skipped="0">
  <testcase classname="com.salesforce.Leads" name="tc21" time="8.144"/>
  <system-out/>
</testsuite> <!-- com.salesforce.Leads -->
