<?xml version="1.0" encoding="UTF-8"?>
<!-- Generated by org.testng.reporters.JUnitReportReporter -->
<testsuite hostname="DESKTOP-P6FPARF" failures="0" tests="1" name="com.salesforce.SFDCLogin" time="3.368" errors="0" timestamp="2022-06-18T16:21:31 EDT" skipped="0">
  <testcase classname="com.salesforce.SFDCLogin" name="forgotPassword4b" time="3.368"/>
  <system-out/>
</testsuite> <!-- com.salesforce.SFDCLogin -->
