<?xml version="1.0" encoding="UTF-8"?>
<!-- Generated by org.testng.reporters.JUnitReportReporter -->
<testsuite hostname="DESKTOP-P6FPARF" failures="0" tests="1" name="com.salesforce.CreateOpty" time="8.136" errors="0" timestamp="2022-07-03T20:17:30 EDT" skipped="0">
  <testcase classname="com.salesforce.CreateOpty" name="tc19" time="8.136"/>
  <system-out/>
</testsuite> <!-- com.salesforce.CreateOpty -->
