<?xml version="1.0" encoding="UTF-8"?>
<!-- Generated by org.testng.reporters.JUnitReportReporter -->
<testsuite hostname="DESKTOP-P6FPARF" failures="0" tests="1" name="com.salesforce.CreateAccount" time="15.877" errors="0" timestamp="2022-07-02T11:05:11 EDT" skipped="0">
  <testcase classname="com.salesforce.CreateAccount" name="tc10" time="15.877"/>
  <system-out/>
</testsuite> <!-- com.salesforce.CreateAccount -->
