<?xml version="1.0" encoding="UTF-8"?>
<!-- Generated by org.testng.reporters.JUnitReportReporter -->
<testsuite hostname="DESKTOP-P6FPARF" failures="0" tests="1" name="com.salesforce.ApplicationSalesForce" time="6.362" errors="0" timestamp="2022-06-18T16:09:01 EDT" skipped="0">
  <testcase classname="com.salesforce.ApplicationSalesForce" name="forgotPassword4a" time="6.362"/>
  <system-out/>
</testsuite> <!-- com.salesforce.ApplicationSalesForce -->
