<?xml version="1.0" encoding="UTF-8"?>
<!-- Generated by org.testng.reporters.JUnitReportReporter -->
<testsuite hostname="DESKTOP-P6FPARF" failures="0" tests="1" name="com.salesforce.CreateAccount" time="11.842" errors="0" timestamp="2022-06-21T12:35:18 EDT" skipped="0">
  <testcase classname="com.salesforce.CreateAccount" name="tc13mergeAccount" time="11.842"/>
  <system-out/>
</testsuite> <!-- com.salesforce.CreateAccount -->
