<?xml version="1.0" encoding="UTF-8"?>
<!-- Generated by org.testng.reporters.JUnitReportReporter -->
<testsuite hostname="DESKTOP-P6FPARF" failures="0" tests="1" name="com.salesforce.UserMenuDropDown" time="40.888" errors="0" timestamp="2022-06-22T11:52:34 EDT" skipped="0">
  <testcase classname="com.salesforce.UserMenuDropDown" name="tco6" time="40.888"/>
  <system-out/>
</testsuite> <!-- com.salesforce.UserMenuDropDown -->
